<?xml version="1.0" encoding="UTF-8"?>
<!-- Generated by org.testng.reporters.JUnitReportReporter -->
<testsuite skipped="0" hostname="ahernandez-pk" name="com.regression.Flight_Second_Test" tests="1" failures="0" timestamp="24 Apr 2020 21:53:05 GMT" time="0.008" errors="0">
  <testcase name="f" time="0.008" classname="com.regression.Flight_Second_Test"/>
</testsuite> <!-- com.regression.Flight_Second_Test -->
