<?xml version="1.0" encoding="UTF-8"?>
<!-- Generated by org.testng.reporters.JUnitReportReporter -->
<testsuite skipped="0" hostname="ahernandez-pk" name="com.regression.Test_1" tests="1" failures="0" timestamp="24 Apr 2020 21:15:49 GMT" time="1.797" errors="0">
  <testcase name="f" time="1.797" classname="com.regression.Test_1"/>
</testsuite> <!-- com.regression.Test_1 -->
